\BOOKMARK [1][-]{section.1}{\376\377\000I\000N\000T\000R\000O\000D\000U\000C\000T\000I\000O\000N\000\040\000T\000O\000\040\000P\000R\000O\000G\000R\000A\000M\000M\000I\000N\000G\000\040\000R\000E\000V\000I\000E\000W}{}% 1
\BOOKMARK [2][-]{subsection.1.1}{\376\377\000P\000R\000E\000F\000A\000C\000E}{section.1}% 2
\BOOKMARK [2][-]{subsection.1.2}{\376\377\000C\000O\000D\000E\000S\000\040\000F\000O\000R\000\040\000A\000L\000L\000\040\000E\000X\000E\000R\000C\000I\000S\000E\000S\000\040\000A\000N\000D\000\040\000S\000O\000U\000R\000C\000E\000S}{section.1}% 3
\BOOKMARK [1][-]{section.2}{\376\377\000C\000H\000A\000P\000T\000E\000R\000\040\0001\000:\000\040\000I\000N\000T\000R\000O\000D\000U\000C\000T\000I\000O\000N}{}% 4
\BOOKMARK [2][-]{subsection.2.1}{\376\377\000C\000O\000N\000S\000T\000A\000N\000T\000S}{section.2}% 5
\BOOKMARK [2][-]{subsection.2.2}{\376\377\000V\000A\000R\000I\000A\000B\000L\000E\000S}{section.2}% 6
\BOOKMARK [2][-]{subsection.2.3}{\376\377\000N\000U\000M\000E\000R\000I\000C\000\040\000O\000P\000E\000R\000A\000T\000O\000R\000S}{section.2}% 7
\BOOKMARK [2][-]{subsection.2.4}{\376\377\000S\000C\000I\000E\000N\000T\000I\000F\000I\000C\000\040\000N\000O\000T\000A\000T\000I\000O\000N}{section.2}% 8
\BOOKMARK [2][-]{subsection.2.5}{\376\377\000I\000N\000T\000\040\000A\000N\000D\000\040\000F\000L\000O\000A\000T}{section.2}% 9
\BOOKMARK [2][-]{subsection.2.6}{\376\377\000T\000Y\000P\000E\000S}{section.2}% 10
\BOOKMARK [2][-]{subsection.2.7}{\376\377\000\050\000I\000N\000P\000U\000T\000\051\000\040\000T\000Y\000P\000E\000\040\000D\000I\000F\000F\000E\000R\000E\000N\000C\000E\000S}{section.2}% 11
\BOOKMARK [2][-]{subsection.2.8}{\376\377\000\050\000I\000N\000P\000U\000T\000\051\000\040\000F\000I\000L\000E\000\040\000N\000A\000M\000E}{section.2}% 12
\BOOKMARK [1][-]{section.3}{\376\377\000C\000H\000A\000P\000T\000E\000R\000\040\0002\000:\000\040\000C\000O\000N\000T\000R\000O\000L\000\040\000F\000L\000O\000W}{}% 13
\BOOKMARK [2][-]{subsection.3.1}{\376\377\000C\000O\000M\000P\000A\000R\000I\000S\000O\000N\000\040\000O\000P\000E\000R\000A\000T\000O\000R\000S}{section.3}% 14
\BOOKMARK [2][-]{subsection.3.2}{\376\377\000L\000O\000G\000I\000C\000\040\000O\000P\000E\000R\000A\000T\000O\000R\000S}{section.3}% 15
\BOOKMARK [2][-]{subsection.3.3}{\376\377\000\050\000I\000N\000P\000U\000T\000\051\000\040\000B\000R\000A\000N\000C\000H\000I\000N\000G}{section.3}% 16
\BOOKMARK [1][-]{section.4}{\376\377\000C\000H\000A\000P\000T\000E\000R\000\040\0003\000:\000\040\000F\000U\000N\000C\000T\000I\000O\000N\000S}{}% 17
\BOOKMARK [2][-]{subsection.4.1}{\376\377\000F\000U\000N\000C\000T\000I\000O\000N\000\040\000E\000X\000A\000M\000P\000L\000E}{section.4}% 18
\BOOKMARK [2][-]{subsection.4.2}{\376\377\000C\000O\000M\000M\000O\000N\000\040\000B\000U\000I\000L\000T\000-\000I\000N\000\040\000P\000Y\000T\000H\000O\000N\000\040\000F\000U\000N\000C\000T\000I\000O\000N\000S}{section.4}% 19
\BOOKMARK [2][-]{subsection.4.3}{\376\377\000P\000A\000S\000S\000-\000B\000Y\000-\000O\000B\000J\000E\000C\000T\000-\000R\000E\000F\000E\000R\000E\000N\000C\000E}{section.4}% 20
\BOOKMARK [2][-]{subsection.4.4}{\376\377\000S\000C\000O\000P\000E}{section.4}% 21
\BOOKMARK [2][-]{subsection.4.5}{\376\377\000F\000U\000N\000C\000T\000I\000O\000N\000S\000\040\000A\000S\000\040\000A\000R\000G\000U\000M\000E\000N\000T\000S}{section.4}% 22
\BOOKMARK [2][-]{subsection.4.6}{\376\377\000D\000E\000F\000A\000U\000L\000T\000\040\000P\000A\000R\000A\000M\000E\000T\000E\000R\000\040\000V\000A\000L\000U\000E}{section.4}% 23
\BOOKMARK [2][-]{subsection.4.7}{\376\377\000L\000A\000M\000B\000D\000A\000\040\000F\000U\000N\000C\000T\000I\000O\000N}{section.4}% 24
\BOOKMARK [3][-]{subsubsection.4.7.1}{\376\377\000L\000A\000M\000B\000D\000A\000\040\000E\000X\000A\000M\000P\000L\000E}{subsection.4.7}% 25
\BOOKMARK [3][-]{subsubsection.4.7.2}{\376\377\000T\000E\000S\000T\000:\000\040\000W\000I\000T\000H\000O\000U\000T\000\040\000L\000A\000M\000B\000D\000A}{subsection.4.7}% 26
\BOOKMARK [3][-]{subsubsection.4.7.3}{\376\377\000L\000A\000M\000B\000D\000A\000\040\000E\000X\000A\000M\000P\000L\000E}{subsection.4.7}% 27
\BOOKMARK [2][-]{subsection.4.8}{\376\377\000R\000E\000C\000U\000R\000S\000I\000O\000N\000\040\000E\000X\000A\000M\000P\000L\000E\000S}{section.4}% 28
\BOOKMARK [3][-]{subsubsection.4.8.1}{\376\377\000F\000A\000C\000T\000O\000R\000I\000A\000L\000\040\000R\000E\000C\000U\000R\000S\000I\000O\000N\000\040\000I\000N\000\040\000S\000H\000O\000R\000T}{subsection.4.8}% 29
\BOOKMARK [3][-]{subsubsection.4.8.2}{\376\377\000F\000I\000B\000O\000N\000A\000C\000C\000I\000\040\000R\000E\000C\000U\000R\000S\000I\000O\000N\000\040\000I\000N\000\040\000S\000H\000O\000R\000T}{subsection.4.8}% 30
\BOOKMARK [3][-]{subsubsection.4.8.3}{\376\377\000\050\000I\000N\000P\000U\000T\000\051\000\040\000\050\000W\000A\000R\000N\000I\000N\000G\000:\000\040\000W\000A\000L\000L\000-\000O\000F\000-\000C\000O\000D\000E\000\051\000\040\000T\000O\000W\000E\000R\000\040\000O\000F\000\040\000H\000A\000N\000O\000I\000:\000\040\000T\000R\000A\000D\000I\000T\000I\000O\000N\000A\000L\000\040\000R\000E\000C\000U\000R\000S\000I\000O\000N\000\040\000P\000R\000O\000B\000L\000E\000M}{subsection.4.8}% 31
\BOOKMARK [1][-]{section.5}{\376\377\000C\000H\000A\000P\000T\000E\000R\000\040\0004\000:\000\040\000S\000T\000R\000I\000N\000G\000S}{}% 32
\BOOKMARK [2][-]{subsection.5.1}{\376\377\000S\000T\000R\000I\000N\000G\000\040\000E\000X\000A\000M\000P\000L\000E\000S}{section.5}% 33
\BOOKMARK [2][-]{subsection.5.2}{\376\377\000l\000e\000n\000\050\000\051\000\040\000O\000F\000\040\000A\000\040\000S\000T\000R\000I\000N\000G}{section.5}% 34
\BOOKMARK [2][-]{subsection.5.3}{\376\377\000L\000O\000O\000P\000\040\000O\000V\000E\000R\000\040\000A\000\040\000S\000T\000R\000I\000N\000G}{section.5}% 35
\BOOKMARK [2][-]{subsection.5.4}{\376\377\000S\000L\000I\000C\000I\000N\000G\000\040\000A\000\040\000S\000T\000R\000I\000N\000G}{section.5}% 36
\BOOKMARK [2][-]{subsection.5.5}{\376\377\000S\000T\000R\000I\000N\000G\000\040\000F\000O\000R\000M\000A\000T\000T\000I\000N\000G\000\040\000O\000P\000E\000R\000A\000T\000O\000R\000\040\000\045}{section.5}% 37
\BOOKMARK [3][-]{subsubsection.5.5.1}{\376\377\000S\000T\000R\000I\000N\000G\000\040\000F\000O\000R\000M\000A\000T\000T\000I\000N\000G\000\040\000O\000P\000E\000R\000A\000T\000O\000R\000\040\000\045\000\040\000E\000X\000A\000M\000P\000L\000E}{subsection.5.5}% 38
\BOOKMARK [2][-]{subsection.5.6}{\376\377\000i\000n\000\040\000O\000P\000E\000R\000A\000T\000O\000R}{section.5}% 39
\BOOKMARK [2][-]{subsection.5.7}{\376\377\000S\000T\000R\000I\000N\000G\000\040\000C\000O\000M\000P\000A\000R\000I\000S\000O\000N}{section.5}% 40
\BOOKMARK [2][-]{subsection.5.8}{\376\377\000T\000H\000E\000\040\000D\000I\000R\000E\000C\000T\000O\000R\000Y\000\040\000F\000U\000N\000C\000T\000I\000O\000N\000\040\000d\000i\000r\000\050\000\051}{section.5}% 41
\BOOKMARK [2][-]{subsection.5.9}{\376\377\000I\000M\000P\000O\000R\000T\000A\000N\000T\000\040\000F\000U\000N\000C\000T\000I\000O\000N\000S\000\040\000A\000N\000D\000\040\000M\000E\000T\000H\000O\000D\000S}{section.5}% 42
\BOOKMARK [3][-]{subsubsection.5.9.1}{\376\377\000c\000a\000p\000i\000t\000a\000l\000i\000z\000e\000\050\000\051\000,\000\040\000c\000e\000n\000t\000e\000r\000\050\000\051}{subsection.5.9}% 43
\BOOKMARK [3][-]{subsubsection.5.9.2}{\376\377\000e\000n\000d\000s\000w\000i\000t\000h\000\050\000\051\000,\000\040\000s\000t\000a\000r\000t\000s\000w\000i\000t\000h\000\050\000\051}{subsection.5.9}% 44
\BOOKMARK [3][-]{subsubsection.5.9.3}{\376\377\000f\000i\000n\000d\000\050\000\051}{subsection.5.9}% 45
\BOOKMARK [3][-]{subsubsection.5.9.4}{\376\377\000l\000s\000t\000r\000i\000p\000\050\000\051\000,\000\040\000r\000s\000t\000r\000i\000p\000\050\000\051\000,\000\040\000s\000t\000r\000i\000p\000\050\000\051}{subsection.5.9}% 46
\BOOKMARK [3][-]{subsubsection.5.9.5}{\376\377\000j\000o\000i\000n\000\050\000\051}{subsection.5.9}% 47
\BOOKMARK [3][-]{subsubsection.5.9.6}{\376\377\000r\000e\000p\000l\000a\000c\000e\000\050\000\051}{subsection.5.9}% 48
\BOOKMARK [3][-]{subsubsection.5.9.7}{\376\377\000l\000o\000w\000e\000r\000\050\000\051\000,\000\040\000u\000p\000p\000e\000r\000\050\000\051}{subsection.5.9}% 49
\BOOKMARK [1][-]{section.6}{\376\377\000C\000H\000A\000P\000T\000E\000R\000\040\0005\000:\000\040\000L\000I\000S\000T\000S\000,\000\040\000S\000E\000T\000S\000,\000\040\000D\000I\000C\000T\000I\000O\000N\000A\000R\000I\000E\000S\000\040\000A\000N\000D\000\040\000T\000U\000P\000L\000E\000S}{}% 50
\BOOKMARK [2][-]{subsection.6.1}{\376\377\000L\000I\000S\000T\000S}{section.6}% 51
\BOOKMARK [3][-]{subsubsection.6.1.1}{\376\377\000L\000I\000S\000T\000\040\000E\000X\000A\000M\000P\000L\000E}{subsection.6.1}% 52
\BOOKMARK [3][-]{subsubsection.6.1.2}{\376\377\000L\000O\000O\000P\000\040\000A\000\040\000L\000I\000S\000T}{subsection.6.1}% 53
\BOOKMARK [3][-]{subsubsection.6.1.3}{\376\377\000L\000I\000S\000T\000S\000\040\000A\000R\000E\000\040\000M\000U\000T\000A\000B\000L\000E}{subsection.6.1}% 54
\BOOKMARK [3][-]{subsubsection.6.1.4}{\376\377\000l\000e\000n\000\050\000\051\000\040\000O\000F\000\040\000A\000\040\000L\000I\000S\000T}{subsection.6.1}% 55
\BOOKMARK [3][-]{subsubsection.6.1.5}{\376\377\000T\000H\000E\000\040\000r\000a\000n\000g\000e\000\050\000\051\000\040\000F\000U\000N\000C\000T\000I\000O\000N}{subsection.6.1}% 56
\BOOKMARK [3][-]{subsubsection.6.1.6}{\376\377\000C\000O\000N\000C\000A\000T\000E\000N\000A\000T\000I\000N\000G\000\040\000L\000I\000S\000T\000S\000\040\000U\000S\000I\000N\000G\000\040\000+}{subsection.6.1}% 57
\BOOKMARK [3][-]{subsubsection.6.1.7}{\376\377\000L\000I\000S\000T\000\040\000S\000L\000I\000C\000I\000N\000G}{subsection.6.1}% 58
\BOOKMARK [3][-]{subsubsection.6.1.8}{\376\377\000L\000I\000S\000T\000\040\000M\000E\000T\000H\000O\000D\000S\000\040\000A\000N\000D\000\040\000F\000U\000N\000C\000T\000I\000O\000N\000S}{subsection.6.1}% 59
\BOOKMARK [3][-]{subsubsection.6.1.9}{\376\377\000L\000I\000S\000T\000S\000\040\000A\000N\000D\000\040\000S\000T\000R\000I\000N\000G\000S}{subsection.6.1}% 60
\BOOKMARK [3][-]{subsubsection.6.1.10}{\376\377\000A\000L\000I\000A\000S\000E\000S}{subsection.6.1}% 61
\BOOKMARK [3][-]{subsubsection.6.1.11}{\376\377\000M\000U\000T\000A\000T\000I\000O\000N\000\040\000A\000N\000D\000\040\000I\000T\000E\000R\000A\000T\000I\000O\000N}{subsection.6.1}% 62
\BOOKMARK [3][-]{subsubsection.6.1.12}{\376\377\000L\000I\000S\000T\000\040\000A\000R\000G\000U\000M\000E\000N\000T\000S}{subsection.6.1}% 63
\BOOKMARK [3][-]{subsubsection.6.1.13}{\376\377\000M\000a\000p\000R\000e\000d\000u\000c\000e\000\040\000A\000N\000D\000\040\000L\000I\000S\000T\000\040\000C\000O\000M\000P\000R\000E\000H\000E\000N\000S\000I\000O\000N}{subsection.6.1}% 64
\BOOKMARK [2][-]{subsection.6.2}{\376\377\000S\000E\000T\000S}{section.6}% 65
\BOOKMARK [3][-]{subsubsection.6.2.1}{\376\377\000S\000E\000T\000\040\000E\000X\000A\000M\000P\000L\000E\000S}{subsection.6.2}% 66
\BOOKMARK [3][-]{subsubsection.6.2.2}{\376\377\000S\000E\000T\000\040\000O\000P\000E\000R\000A\000T\000I\000O\000N\000S}{subsection.6.2}% 67
\BOOKMARK [3][-]{subsubsection.6.2.3}{\376\377\000S\000E\000T\000\040\000C\000O\000M\000P\000R\000E\000H\000E\000N\000S\000I\000O\000N}{subsection.6.2}% 68
\BOOKMARK [2][-]{subsection.6.3}{\376\377\000D\000I\000C\000T\000I\000O\000N\000A\000R\000I\000E\000S}{section.6}% 69
\BOOKMARK [3][-]{subsubsection.6.3.1}{\376\377\000D\000I\000C\000T\000I\000O\000N\000A\000R\000Y\000\040\000E\000X\000A\000M\000P\000L\000E\000S}{subsection.6.3}% 70
\BOOKMARK [3][-]{subsubsection.6.3.2}{\376\377\000i\000n\000\040\000O\000P\000E\000R\000A\000T\000O\000R}{subsection.6.3}% 71
\BOOKMARK [3][-]{subsubsection.6.3.3}{\376\377\000g\000e\000t\000\050\000\051\000\040\000M\000E\000T\000H\000O\000D}{subsection.6.3}% 72
\BOOKMARK [3][-]{subsubsection.6.3.4}{\376\377\000A\000P\000P\000L\000I\000C\000A\000T\000I\000O\000N\000:\000\040\000C\000O\000U\000N\000T\000I\000N\000G\000\040\000W\000O\000R\000D\000S}{subsection.6.3}% 73
\BOOKMARK [3][-]{subsubsection.6.3.5}{\376\377\000L\000O\000O\000P\000\040\000O\000V\000E\000R\000\040\000A\000\040\000D\000I\000C\000T\000I\000O\000N\000A\000R\000Y}{subsection.6.3}% 74
\BOOKMARK [3][-]{subsubsection.6.3.6}{\376\377\000L\000I\000S\000T\000S\000\040\000O\000F\000\040\000K\000E\000Y\000S\000\040\000A\000N\000D\000\040\000V\000A\000L\000U\000E\000S}{subsection.6.3}% 75
\BOOKMARK [3][-]{subsubsection.6.3.7}{\376\377\000T\000W\000O\000\040\000I\000T\000E\000R\000A\000T\000I\000O\000N\000\040\000V\000A\000R\000I\000A\000B\000L\000E\000S}{subsection.6.3}% 76
\BOOKMARK [3][-]{subsubsection.6.3.8}{\376\377\000D\000I\000C\000T\000I\000O\000N\000A\000R\000Y\000\040\000C\000O\000M\000P\000R\000E\000H\000E\000N\000S\000I\000O\000N}{subsection.6.3}% 77
\BOOKMARK [3][-]{subsubsection.6.3.9}{\376\377\000M\000E\000M\000O\000I\000Z\000E\000D\000\040\000R\000E\000C\000U\000R\000S\000I\000O\000N\000:\000\040\000F\000I\000B\000O\000N\000A\000C\000C\000I\000\040\000E\000X\000A\000M\000P\000L\000E}{subsection.6.3}% 78
\BOOKMARK [2][-]{subsection.6.4}{\376\377\000T\000U\000P\000L\000E\000S}{section.6}% 79
\BOOKMARK [3][-]{subsubsection.6.4.1}{\376\377\000T\000U\000P\000L\000E\000\040\000E\000X\000A\000M\000P\000L\000E\000S}{subsection.6.4}% 80
\BOOKMARK [3][-]{subsubsection.6.4.2}{\376\377\000T\000U\000P\000L\000E\000S\000\040\000A\000R\000E\000\040\000I\000M\000M\000U\000T\000A\000B\000L\000E}{subsection.6.4}% 81
\BOOKMARK [3][-]{subsubsection.6.4.3}{\376\377\000T\000U\000P\000L\000E\000\040\000D\000I\000R\000E\000C\000T\000O\000R\000I\000E\000S}{subsection.6.4}% 82
\BOOKMARK [3][-]{subsubsection.6.4.4}{\376\377\000T\000U\000P\000L\000E\000S\000\040\000A\000N\000D\000\040\000A\000S\000S\000I\000G\000N\000M\000E\000N\000T}{subsection.6.4}% 83
\BOOKMARK [3][-]{subsubsection.6.4.5}{\376\377\000T\000U\000P\000L\000E\000\040\000A\000S\000\040\000R\000E\000T\000U\000R\000N\000\040\000V\000A\000L\000U\000E\000S}{subsection.6.4}% 84
\BOOKMARK [3][-]{subsubsection.6.4.6}{\376\377\000L\000I\000S\000T\000S\000\040\000A\000N\000D\000\040\000T\000U\000P\000L\000E\000S}{subsection.6.4}% 85
\BOOKMARK [3][-]{subsubsection.6.4.7}{\376\377\000D\000I\000C\000T\000I\000O\000N\000A\000R\000I\000E\000S\000\040\000A\000N\000D\000\040\000T\000U\000P\000L\000E\000S}{subsection.6.4}% 86
\BOOKMARK [3][-]{subsubsection.6.4.8}{\376\377\000T\000U\000P\000L\000E\000\040\000C\000O\000M\000P\000A\000R\000I\000S\000O\000N}{subsection.6.4}% 87
\BOOKMARK [3][-]{subsubsection.6.4.9}{\376\377\000S\000O\000R\000T\000I\000N\000G\000\040\000E\000X\000A\000M\000P\000L\000E\000:\000\040\000S\000O\000R\000T\000\040\000B\000Y\000\040\000V\000A\000L\000U\000E\000,\000\040\000N\000O\000T\000\040\000K\000E\000Y}{subsection.6.4}% 88
\BOOKMARK [1][-]{section.7}{\376\377\000C\000H\000A\000P\000T\000E\000R\000\040\0006\000:\000\040\000M\000O\000D\000U\000L\000E\000S}{}% 89
\BOOKMARK [2][-]{subsection.7.1}{\376\377\000i\000m\000p\000o\000r\000t\000\040\000E\000X\000A\000M\000P\000L\000E}{section.7}% 90
\BOOKMARK [2][-]{subsection.7.2}{\376\377\000\050\000p\000r\000e\000p\000a\000r\000a\000t\000i\000o\000n\000\051}{section.7}% 91
\BOOKMARK [3][-]{subsubsection.7.2.1}{\376\377\000\050\000p\000r\000e\000p\000a\000r\000a\000t\000i\000o\000n\000\051\000\040\000m\000o\000u\000n\000t}{subsection.7.2}% 92
\BOOKMARK [3][-]{subsubsection.7.2.2}{\376\377\000\050\000p\000r\000e\000p\000a\000r\000a\000t\000i\000o\000n\000\051\000\040\000a\000p\000p\000e\000n\000d\000\040\000p\000a\000t\000h}{subsection.7.2}% 93
\BOOKMARK [2][-]{subsection.7.3}{\376\377\000M\000O\000D\000U\000L\000E\000S\000\040\000A\000S\000\040\000S\000C\000R\000I\000P\000T\000S}{section.7}% 94
\BOOKMARK [2][-]{subsection.7.4}{\376\377\000\137\000\137\000n\000a\000m\000e\000\137\000\137}{section.7}% 95
\BOOKMARK [2][-]{subsection.7.5}{\376\377\000s\000y\000s\000.\000a\000r\000g\000v\000[\000]}{section.7}% 96
\BOOKMARK [2][-]{subsection.7.6}{\376\377\000U\000S\000E\000F\000U\000L\000\040\000M\000O\000D\000U\000L\000E\000S\000:\000\040\000B\000A\000S\000I\000C\000\040\000E\000X\000A\000M\000P\000L\000E\000S}{section.7}% 97
\BOOKMARK [2][-]{subsection.7.7}{\376\377\000p\000i\000c\000k\000l\000e\000\040\000M\000O\000D\000U\000L\000E}{section.7}% 98
\BOOKMARK [3][-]{subsubsection.7.7.1}{\376\377\000I\000M\000P\000O\000R\000T\000\040\000p\000i\000c\000k\000l\000e}{subsection.7.7}% 99
\BOOKMARK [3][-]{subsubsection.7.7.2}{\376\377\000d\000u\000m\000p\000\050\000\051}{subsection.7.7}% 100
\BOOKMARK [3][-]{subsubsection.7.7.3}{\376\377\000l\000o\000a\000d\000\050\000\051}{subsection.7.7}% 101
\BOOKMARK [1][-]{section.8}{\376\377\000C\000H\000A\000P\000T\000E\000R\000\040\0007\000:\000\040\000F\000I\000L\000E\000S}{}% 102
\BOOKMARK [2][-]{subsection.8.1}{\376\377\000O\000P\000E\000N\000I\000N\000G\000\040\000A\000\040\000F\000I\000L\000E}{section.8}% 103
\BOOKMARK [2][-]{subsection.8.2}{\376\377\000L\000O\000O\000P\000\040\000O\000V\000E\000R\000\040\000A\000\040\000F\000I\000L\000E}{section.8}% 104
\BOOKMARK [2][-]{subsection.8.3}{\376\377\000R\000E\000A\000D\000\040\000W\000H\000O\000L\000E\000\040\000F\000I\000L\000E}{section.8}% 105
\BOOKMARK [2][-]{subsection.8.4}{\376\377\000w\000i\000t\000h\000\040\000B\000L\000O\000C\000K}{section.8}% 106
\BOOKMARK [2][-]{subsection.8.5}{\376\377\000W\000R\000I\000T\000I\000N\000G\000\040\000F\000I\000L\000E\000S}{section.8}% 107
\BOOKMARK [2][-]{subsection.8.6}{\376\377\000C\000U\000R\000R\000E\000N\000T\000\040\000P\000O\000S\000I\000T\000I\000O\000N}{section.8}% 108
\BOOKMARK [2][-]{subsection.8.7}{\376\377\000C\000H\000A\000N\000G\000E\000\040\000P\000O\000S\000I\000T\000I\000O\000N}{section.8}% 109
\BOOKMARK [1][-]{section.9}{\376\377\000C\000H\000A\000P\000T\000E\000R\000\040\0008\000:\000\040\000O\000B\000J\000E\000C\000T\000-\000O\000R\000I\000E\000N\000T\000E\000D\000\040\000P\000R\000O\000G\000R\000A\000M\000M\000I\000N\000G\000\040\000\050\000O\000O\000P\000\051}{}% 110
\BOOKMARK [2][-]{subsection.9.1}{\376\377\000C\000R\000E\000A\000T\000E\000\040\000A\000\040\000N\000E\000W\000\040\000O\000B\000J\000E\000C\000T\000\040\000E\000X\000A\000M\000P\000L\000E}{section.9}% 111
\BOOKMARK [3][-]{subsubsection.9.1.1}{\376\377\000U\000S\000I\000N\000G\000\040\000T\000H\000E\000\040\000O\000B\000J\000E\000C\000T\000\040\000E\000X\000A\000M\000P\000L\000E\000S}{subsection.9.1}% 112
\BOOKMARK [2][-]{subsection.9.2}{\376\377\000S\000U\000B\000C\000L\000A\000S\000S}{section.9}% 113
\BOOKMARK [3][-]{subsubsection.9.2.1}{\376\377\000U\000S\000I\000N\000G\000\040\000T\000H\000E\000\040\000S\000U\000B\000C\000L\000A\000S\000S\000\040\000E\000X\000A\000M\000P\000L\000E\000S}{subsection.9.2}% 114
\BOOKMARK [1][-]{section.10}{\376\377\000C\000H\000A\000P\000T\000E\000R\000\040\0009\000:\000\040\000T\000E\000S\000T\000I\000N\000G\000,\000\040\000D\000E\000B\000U\000G\000G\000I\000N\000G\000,\000\040\000E\000X\000C\000E\000P\000T\000I\000O\000N\000S\000\040\000A\000N\000D\000\040\000A\000S\000S\000E\000R\000T\000I\000O\000N\000S}{}% 115
\BOOKMARK [2][-]{subsection.10.1}{\376\377\000T\000E\000S\000T\000I\000N\000G\000\040\000A\000N\000D\000\040\000D\000E\000B\000U\000G\000G\000I\000N\000G}{section.10}% 116
\BOOKMARK [2][-]{subsection.10.2}{\376\377\000E\000X\000C\000E\000P\000T\000I\000O\000N\000S}{section.10}% 117
\BOOKMARK [3][-]{subsubsection.10.2.1}{\376\377\000C\000O\000M\000M\000O\000N\000\040\000B\000U\000I\000L\000T\000-\000I\000N\000\040\000E\000X\000C\000E\000P\000T\000I\000O\000N\000S}{subsection.10.2}% 118
\BOOKMARK [3][-]{subsubsection.10.2.2}{\376\377\000\050\000I\000N\000P\000U\000T\000\051\000\040\000H\000A\000N\000D\000L\000I\000N\000G\000\040\000S\000P\000E\000C\000I\000F\000I\000C\000\040\000E\000X\000C\000E\000P\000T\000I\000O\000N\000S}{subsection.10.2}% 119
\BOOKMARK [3][-]{subsubsection.10.2.3}{\376\377\000r\000a\000i\000s\000e\000\040\000A\000N\000\040\000E\000X\000C\000E\000P\000T\000I\000O\000N}{subsection.10.2}% 120
\BOOKMARK [3][-]{subsubsection.10.2.4}{\376\377\000\050\000I\000N\000P\000U\000T\000\051\000\040\000D\000E\000F\000I\000N\000E\000\040\000A\000N\000\040\000E\000X\000C\000E\000P\000T\000I\000O\000N}{subsection.10.2}% 121
\BOOKMARK [3][-]{subsubsection.10.2.5}{\376\377\000u\000n\000i\000t\000t\000e\000s\000t\000\040\000M\000O\000D\000U\000L\000E}{subsection.10.2}% 122
\BOOKMARK [1][-]{section.11}{\376\377\000A\000P\000P\000E\000N\000D\000I\000X\000:\000\040\000S\000O\000M\000E\000\040\000I\000M\000P\000O\000R\000T\000A\000N\000T\000\040\000M\000O\000D\000U\000L\000E\000S\000\040\000F\000O\000R\000\040\000M\000A\000T\000H\000E\000M\000A\000T\000I\000C\000S\000,\000\040\000D\000A\000T\000A\000\040\000S\000C\000I\000E\000N\000C\000E\000\040\000A\000N\000D\000\040\000M\000A\000C\000H\000I\000N\000E\000\040\000L\000E\000A\000R\000N\000I\000N\000G}{}% 123
\BOOKMARK [2][-]{subsection.11.1}{\376\377\000r\000a\000n\000d\000o\000m}{section.11}% 124
\BOOKMARK [3][-]{subsubsection.11.1.1}{\376\377\000I\000N\000T\000E\000G\000E\000R\000S}{subsection.11.1}% 125
\BOOKMARK [3][-]{subsubsection.11.1.2}{\376\377\000S\000E\000Q\000U\000E\000N\000C\000E}{subsection.11.1}% 126
\BOOKMARK [3][-]{subsubsection.11.1.3}{\376\377\000R\000E\000A\000L\000\040\000N\000U\000M\000B\000E\000R\000S}{subsection.11.1}% 127
\BOOKMARK [2][-]{subsection.11.2}{\376\377\000t\000i\000m\000e}{section.11}% 128
\BOOKMARK [2][-]{subsection.11.3}{\376\377\000m\000a\000t\000h}{section.11}% 129
\BOOKMARK [3][-]{subsubsection.11.3.1}{\376\377\000C\000O\000N\000S\000T\000A\000N\000T\000S}{subsection.11.3}% 130
\BOOKMARK [3][-]{subsubsection.11.3.2}{\376\377\000N\000U\000M\000B\000E\000R\000-\000T\000H\000E\000O\000R\000E\000T\000I\000C\000\040\000A\000N\000D\000\040\000R\000E\000P\000R\000E\000S\000E\000N\000T\000A\000T\000I\000O\000N\000\040\000F\000U\000N\000C\000T\000I\000O\000N\000S}{subsection.11.3}% 131
\BOOKMARK [3][-]{subsubsection.11.3.3}{\376\377\000P\000O\000W\000E\000R\000\040\000A\000N\000D\000\040\000L\000O\000G\000A\000R\000I\000T\000H\000M\000I\000C\000\040\000F\000U\000N\000C\000T\000I\000O\000N\000S}{subsection.11.3}% 132
\BOOKMARK [3][-]{subsubsection.11.3.4}{\376\377\000T\000R\000I\000G\000O\000N\000O\000M\000E\000T\000R\000I\000C\000\040\000F\000U\000N\000C\000T\000I\000O\000N\000S}{subsection.11.3}% 133
\BOOKMARK [3][-]{subsubsection.11.3.5}{\376\377\000A\000N\000G\000U\000L\000A\000R\000\040\000C\000O\000N\000V\000E\000R\000S\000I\000O\000N}{subsection.11.3}% 134
\BOOKMARK [2][-]{subsection.11.4}{\376\377\000n\000u\000m\000p\000y}{section.11}% 135
\BOOKMARK [3][-]{subsubsection.11.4.1}{\376\377\000A\000R\000R\000A\000Y\000\040\000C\000R\000E\000A\000T\000I\000O\000N}{subsection.11.4}% 136
\BOOKMARK [3][-]{subsubsection.11.4.2}{\376\377\000I\000N\000D\000E\000X\000I\000N\000G}{subsection.11.4}% 137
\BOOKMARK [3][-]{subsubsection.11.4.3}{\376\377\000B\000R\000O\000A\000D\000C\000A\000S\000T\000I\000N\000G}{subsection.11.4}% 138
\BOOKMARK [3][-]{subsubsection.11.4.4}{\376\377\000S\000T\000R\000U\000C\000T\000U\000R\000E\000D\000\040\000A\000R\000R\000A\000Y\000S}{subsection.11.4}% 139
\BOOKMARK [2][-]{subsection.11.5}{\376\377\000M\000O\000S\000T\000\040\000U\000S\000E\000D\000\040\000M\000O\000D\000U\000L\000E\000S\000\040\000F\000O\000R\000\040\000M\000A\000T\000H\000E\000M\000A\000T\000I\000C\000S\000,\000\040\000D\000A\000T\000A\000\040\000S\000C\000I\000E\000N\000C\000E\000\040\000A\000N\000D\000\040\000M\000A\000C\000H\000I\000N\000E\000\040\000L\000E\000A\000R\000N\000I\000N\000G}{section.11}% 140
